<?xml version="1.0" encoding="UTF-8"?>
<testsuite xmlns:xsi="http://www.w3.org/2001/XMLSchema-instance" xsi:noNamespaceSchemaLocation="https://maven.apache.org/surefire/maven-surefire-plugin/xsd/surefire-test-report.xsd" version="3.0.2" name="blank.RunCucumberTest" time="14.354" tests="1" errors="0" skipped="0" failures="0">
  <properties>
    <property name="java.specification.version" value="17"/>
    <property name="sun.jnu.encoding" value="UTF-8"/>
    <property name="java.class.path" value="/Users/cangel/Documents/wfs/automation-framework/play/hellocucumber/target/test-classes:/Users/cangel/Documents/wfs/automation-framework/play/hellocucumber/target/classes:/Users/cangel/.m2/repository/org/testng/testng/7.10.2/testng-7.10.2.jar:/Users/cangel/.m2/repository/org/slf4j/slf4j-api/1.7.36/slf4j-api-1.7.36.jar:/Users/cangel/.m2/repository/com/beust/jcommander/1.82/jcommander-1.82.jar:/Users/cangel/.m2/repository/org/webjars/jquery/3.7.1/jquery-3.7.1.jar:/Users/cangel/.m2/repository/io/cucumber/cucumber-java/7.19.0/cucumber-java-7.19.0.jar:/Users/cangel/.m2/repository/io/cucumber/cucumber-core/7.19.0/cucumber-core-7.19.0.jar:/Users/cangel/.m2/repository/io/cucumber/cucumber-gherkin/7.19.0/cucumber-gherkin-7.19.0.jar:/Users/cangel/.m2/repository/io/cucumber/cucumber-gherkin-messages/7.19.0/cucumber-gherkin-messages-7.19.0.jar:/Users/cangel/.m2/repository/io/cucumber/gherkin/28.0.0/gherkin-28.0.0.jar:/Users/cangel/.m2/repository/io/cucumber/messages/24.1.0/messages-24.1.0.jar:/Users/cangel/.m2/repository/io/cucumber/testng-xml-formatter/0.2.0/testng-xml-formatter-0.2.0.jar:/Users/cangel/.m2/repository/io/cucumber/query/12.2.0/query-12.2.0.jar:/Users/cangel/.m2/repository/io/cucumber/tag-expressions/6.1.0/tag-expressions-6.1.0.jar:/Users/cangel/.m2/repository/io/cucumber/cucumber-expressions/17.1.0/cucumber-expressions-17.1.0.jar:/Users/cangel/.m2/repository/io/cucumber/datatable/7.19.0/datatable-7.19.0.jar:/Users/cangel/.m2/repository/io/cucumber/cucumber-plugin/7.19.0/cucumber-plugin-7.19.0.jar:/Users/cangel/.m2/repository/io/cucumber/docstring/7.19.0/docstring-7.19.0.jar:/Users/cangel/.m2/repository/io/cucumber/html-formatter/21.7.0/html-formatter-21.7.0.jar:/Users/cangel/.m2/repository/io/cucumber/junit-xml-formatter/0.5.0/junit-xml-formatter-0.5.0.jar:/Users/cangel/.m2/repository/io/cucumber/ci-environment/10.0.1/ci-environment-10.0.1.jar:/Users/cangel/.m2/repository/org/apiguardian/apiguardian-api/1.1.2/apiguardian-api-1.1.2.jar:/Users/cangel/.m2/repository/io/cucumber/cucumber-junit-platform-engine/7.19.0/cucumber-junit-platform-engine-7.19.0.jar:/Users/cangel/.m2/repository/org/junit/platform/junit-platform-engine/1.11.0/junit-platform-engine-1.11.0.jar:/Users/cangel/.m2/repository/org/junit/platform/junit-platform-commons/1.11.0/junit-platform-commons-1.11.0.jar:/Users/cangel/.m2/repository/org/junit/platform/junit-platform-suite/1.11.0/junit-platform-suite-1.11.0.jar:/Users/cangel/.m2/repository/org/junit/platform/junit-platform-suite-api/1.11.0/junit-platform-suite-api-1.11.0.jar:/Users/cangel/.m2/repository/org/junit/platform/junit-platform-suite-engine/1.11.0/junit-platform-suite-engine-1.11.0.jar:/Users/cangel/.m2/repository/org/junit/platform/junit-platform-suite-commons/1.11.0/junit-platform-suite-commons-1.11.0.jar:/Users/cangel/.m2/repository/org/junit/platform/junit-platform-launcher/1.11.0/junit-platform-launcher-1.11.0.jar:/Users/cangel/.m2/repository/org/junit/jupiter/junit-jupiter/5.11.0/junit-jupiter-5.11.0.jar:/Users/cangel/.m2/repository/org/junit/jupiter/junit-jupiter-api/5.11.0/junit-jupiter-api-5.11.0.jar:/Users/cangel/.m2/repository/org/junit/jupiter/junit-jupiter-params/5.11.0/junit-jupiter-params-5.11.0.jar:/Users/cangel/.m2/repository/org/junit/jupiter/junit-jupiter-engine/5.11.0/junit-jupiter-engine-5.11.0.jar:/Users/cangel/.m2/repository/tech/grasshopper/extentreports-cucumber7-adapter/1.14.0/extentreports-cucumber7-adapter-1.14.0.jar:/Users/cangel/.m2/repository/com/aventstack/extentreports/5.1.0/extentreports-5.1.0.jar:/Users/cangel/.m2/repository/io/reactivex/rxjava3/rxjava/3.1.6/rxjava-3.1.6.jar:/Users/cangel/.m2/repository/org/reactivestreams/reactive-streams/1.0.4/reactive-streams-1.0.4.jar:/Users/cangel/.m2/repository/org/freemarker/freemarker/2.3.32/freemarker-2.3.32.jar:/Users/cangel/.m2/repository/org/projectlombok/lombok/1.18.26/lombok-1.18.26.jar:/Users/cangel/.m2/repository/tech/grasshopper/extent-pdf-report/2.12.0/extent-pdf-report-2.12.0.jar:/Users/cangel/.m2/repository/tech/grasshopper/cucumber-pdf-report/2.14.0/cucumber-pdf-report-2.14.0.jar:/Users/cangel/.m2/repository/org/apache/pdfbox/pdfbox/2.0.26/pdfbox-2.0.26.jar:/Users/cangel/.m2/repository/org/apache/pdfbox/fontbox/2.0.26/fontbox-2.0.26.jar:/Users/cangel/.m2/repository/org/knowm/xchart/xchart/3.8.0/xchart-3.8.0.jar:/Users/cangel/.m2/repository/de/erichseifert/vectorgraphics2d/VectorGraphics2D/0.13/VectorGraphics2D-0.13.jar:/Users/cangel/.m2/repository/de/rototor/pdfbox/graphics2d/0.30/graphics2d-0.30.jar:/Users/cangel/.m2/repository/com/madgag/animated-gif-lib/1.4/animated-gif-lib-1.4.jar:/Users/cangel/.m2/repository/org/yaml/snakeyaml/2.0/snakeyaml-2.0.jar:/Users/cangel/.m2/repository/tech/grasshopper/table-layout/1.5.1/table-layout-1.5.1.jar:/Users/cangel/.m2/repository/tech/grasshopper/rest-assured-cucumber-pdf-report/1.5.0/rest-assured-cucumber-pdf-report-1.5.0.jar:/Users/cangel/.m2/repository/org/jsoup/jsoup/1.15.3/jsoup-1.15.3.jar:/Users/cangel/.m2/repository/com/aventstack/klov-reporter/5.1.0/klov-reporter-5.1.0.jar:/Users/cangel/.m2/repository/org/mongodb/mongodb-driver/3.6.4/mongodb-driver-3.6.4.jar:/Users/cangel/.m2/repository/org/mongodb/mongodb-driver-core/3.6.4/mongodb-driver-core-3.6.4.jar:/Users/cangel/.m2/repository/org/mongodb/bson/3.6.4/bson-3.6.4.jar:/Users/cangel/.m2/repository/org/apache/httpcomponents/httpclient/4.5.13/httpclient-4.5.13.jar:/Users/cangel/.m2/repository/org/apache/httpcomponents/httpcore/4.4.13/httpcore-4.4.13.jar:/Users/cangel/.m2/repository/commons-logging/commons-logging/1.2/commons-logging-1.2.jar:/Users/cangel/.m2/repository/commons-codec/commons-codec/1.11/commons-codec-1.11.jar:/Users/cangel/.m2/repository/org/apache/httpcomponents/httpmime/4.5.13/httpmime-4.5.13.jar:/Users/cangel/.m2/repository/tech/grasshopper/htmlextentreporter/1.1.0/htmlextentreporter-1.1.0.jar:/Users/cangel/.m2/repository/tech/grasshopper/extent-excel-report/1.4.0/extent-excel-report-1.4.0.jar:/Users/cangel/.m2/repository/org/apache/poi/poi/5.2.3/poi-5.2.3.jar:/Users/cangel/.m2/repository/org/apache/commons/commons-collections4/4.4/commons-collections4-4.4.jar:/Users/cangel/.m2/repository/org/apache/commons/commons-math3/3.6.1/commons-math3-3.6.1.jar:/Users/cangel/.m2/repository/commons-io/commons-io/2.11.0/commons-io-2.11.0.jar:/Users/cangel/.m2/repository/com/zaxxer/SparseBitSet/1.2/SparseBitSet-1.2.jar:/Users/cangel/.m2/repository/org/apache/logging/log4j/log4j-api/2.18.0/log4j-api-2.18.0.jar:/Users/cangel/.m2/repository/org/apache/poi/poi-ooxml/5.2.3/poi-ooxml-5.2.3.jar:/Users/cangel/.m2/repository/org/apache/poi/poi-ooxml-lite/5.2.3/poi-ooxml-lite-5.2.3.jar:/Users/cangel/.m2/repository/org/apache/xmlbeans/xmlbeans/5.1.1/xmlbeans-5.1.1.jar:/Users/cangel/.m2/repository/org/apache/commons/commons-compress/1.21/commons-compress-1.21.jar:/Users/cangel/.m2/repository/com/github/virtuald/curvesapi/1.07/curvesapi-1.07.jar:/Users/cangel/.m2/repository/com/github/javafaker/javafaker/1.0.2/javafaker-1.0.2.jar:/Users/cangel/.m2/repository/org/apache/commons/commons-lang3/3.5/commons-lang3-3.5.jar:/Users/cangel/.m2/repository/org/yaml/snakeyaml/1.23/snakeyaml-1.23-android.jar:/Users/cangel/.m2/repository/com/github/mifmif/generex/1.0.2/generex-1.0.2.jar:/Users/cangel/.m2/repository/dk/brics/automaton/automaton/1.11-8/automaton-1.11-8.jar:/Users/cangel/.m2/repository/com/microsoft/playwright/playwright/1.46.0/playwright-1.46.0.jar:/Users/cangel/.m2/repository/com/google/code/gson/gson/2.11.0/gson-2.11.0.jar:/Users/cangel/.m2/repository/com/google/errorprone/error_prone_annotations/2.27.0/error_prone_annotations-2.27.0.jar:/Users/cangel/.m2/repository/org/opentest4j/opentest4j/1.3.0/opentest4j-1.3.0.jar:/Users/cangel/.m2/repository/com/microsoft/playwright/driver/1.46.0/driver-1.46.0.jar:/Users/cangel/.m2/repository/com/microsoft/playwright/driver-bundle/1.46.0/driver-bundle-1.46.0.jar:"/>
    <property name="java.vm.vendor" value="Eclipse Adoptium"/>
    <property name="sun.arch.data.model" value="64"/>
    <property name="java.vendor.url" value="https://adoptium.net/"/>
    <property name="user.timezone" value="America/Bogota"/>
    <property name="os.name" value="Mac OS X"/>
    <property name="java.vm.specification.version" value="17"/>
    <property name="sun.java.launcher" value="SUN_STANDARD"/>
    <property name="user.country" value="CO"/>
    <property name="sun.boot.library.path" value="/Library/Java/JavaVirtualMachines/temurin-17.jdk/Contents/Home/lib"/>
    <property name="sun.java.command" value="/Users/cangel/Documents/wfs/automation-framework/play/hellocucumber/target/surefire/surefirebooter-20241002213521810_3.jar /Users/cangel/Documents/wfs/automation-framework/play/hellocucumber/target/surefire 2024-10-02T21-35-21_760-jvmRun1 surefire-20241002213521810_1tmp surefire_0-20241002213521810_2tmp"/>
    <property name="jdk.debug" value="release"/>
    <property name="surefire.test.class.path" value="/Users/cangel/Documents/wfs/automation-framework/play/hellocucumber/target/test-classes:/Users/cangel/Documents/wfs/automation-framework/play/hellocucumber/target/classes:/Users/cangel/.m2/repository/org/testng/testng/7.10.2/testng-7.10.2.jar:/Users/cangel/.m2/repository/org/slf4j/slf4j-api/1.7.36/slf4j-api-1.7.36.jar:/Users/cangel/.m2/repository/com/beust/jcommander/1.82/jcommander-1.82.jar:/Users/cangel/.m2/repository/org/webjars/jquery/3.7.1/jquery-3.7.1.jar:/Users/cangel/.m2/repository/io/cucumber/cucumber-java/7.19.0/cucumber-java-7.19.0.jar:/Users/cangel/.m2/repository/io/cucumber/cucumber-core/7.19.0/cucumber-core-7.19.0.jar:/Users/cangel/.m2/repository/io/cucumber/cucumber-gherkin/7.19.0/cucumber-gherkin-7.19.0.jar:/Users/cangel/.m2/repository/io/cucumber/cucumber-gherkin-messages/7.19.0/cucumber-gherkin-messages-7.19.0.jar:/Users/cangel/.m2/repository/io/cucumber/gherkin/28.0.0/gherkin-28.0.0.jar:/Users/cangel/.m2/repository/io/cucumber/messages/24.1.0/messages-24.1.0.jar:/Users/cangel/.m2/repository/io/cucumber/testng-xml-formatter/0.2.0/testng-xml-formatter-0.2.0.jar:/Users/cangel/.m2/repository/io/cucumber/query/12.2.0/query-12.2.0.jar:/Users/cangel/.m2/repository/io/cucumber/tag-expressions/6.1.0/tag-expressions-6.1.0.jar:/Users/cangel/.m2/repository/io/cucumber/cucumber-expressions/17.1.0/cucumber-expressions-17.1.0.jar:/Users/cangel/.m2/repository/io/cucumber/datatable/7.19.0/datatable-7.19.0.jar:/Users/cangel/.m2/repository/io/cucumber/cucumber-plugin/7.19.0/cucumber-plugin-7.19.0.jar:/Users/cangel/.m2/repository/io/cucumber/docstring/7.19.0/docstring-7.19.0.jar:/Users/cangel/.m2/repository/io/cucumber/html-formatter/21.7.0/html-formatter-21.7.0.jar:/Users/cangel/.m2/repository/io/cucumber/junit-xml-formatter/0.5.0/junit-xml-formatter-0.5.0.jar:/Users/cangel/.m2/repository/io/cucumber/ci-environment/10.0.1/ci-environment-10.0.1.jar:/Users/cangel/.m2/repository/org/apiguardian/apiguardian-api/1.1.2/apiguardian-api-1.1.2.jar:/Users/cangel/.m2/repository/io/cucumber/cucumber-junit-platform-engine/7.19.0/cucumber-junit-platform-engine-7.19.0.jar:/Users/cangel/.m2/repository/org/junit/platform/junit-platform-engine/1.11.0/junit-platform-engine-1.11.0.jar:/Users/cangel/.m2/repository/org/junit/platform/junit-platform-commons/1.11.0/junit-platform-commons-1.11.0.jar:/Users/cangel/.m2/repository/org/junit/platform/junit-platform-suite/1.11.0/junit-platform-suite-1.11.0.jar:/Users/cangel/.m2/repository/org/junit/platform/junit-platform-suite-api/1.11.0/junit-platform-suite-api-1.11.0.jar:/Users/cangel/.m2/repository/org/junit/platform/junit-platform-suite-engine/1.11.0/junit-platform-suite-engine-1.11.0.jar:/Users/cangel/.m2/repository/org/junit/platform/junit-platform-suite-commons/1.11.0/junit-platform-suite-commons-1.11.0.jar:/Users/cangel/.m2/repository/org/junit/platform/junit-platform-launcher/1.11.0/junit-platform-launcher-1.11.0.jar:/Users/cangel/.m2/repository/org/junit/jupiter/junit-jupiter/5.11.0/junit-jupiter-5.11.0.jar:/Users/cangel/.m2/repository/org/junit/jupiter/junit-jupiter-api/5.11.0/junit-jupiter-api-5.11.0.jar:/Users/cangel/.m2/repository/org/junit/jupiter/junit-jupiter-params/5.11.0/junit-jupiter-params-5.11.0.jar:/Users/cangel/.m2/repository/org/junit/jupiter/junit-jupiter-engine/5.11.0/junit-jupiter-engine-5.11.0.jar:/Users/cangel/.m2/repository/tech/grasshopper/extentreports-cucumber7-adapter/1.14.0/extentreports-cucumber7-adapter-1.14.0.jar:/Users/cangel/.m2/repository/com/aventstack/extentreports/5.1.0/extentreports-5.1.0.jar:/Users/cangel/.m2/repository/io/reactivex/rxjava3/rxjava/3.1.6/rxjava-3.1.6.jar:/Users/cangel/.m2/repository/org/reactivestreams/reactive-streams/1.0.4/reactive-streams-1.0.4.jar:/Users/cangel/.m2/repository/org/freemarker/freemarker/2.3.32/freemarker-2.3.32.jar:/Users/cangel/.m2/repository/org/projectlombok/lombok/1.18.26/lombok-1.18.26.jar:/Users/cangel/.m2/repository/tech/grasshopper/extent-pdf-report/2.12.0/extent-pdf-report-2.12.0.jar:/Users/cangel/.m2/repository/tech/grasshopper/cucumber-pdf-report/2.14.0/cucumber-pdf-report-2.14.0.jar:/Users/cangel/.m2/repository/org/apache/pdfbox/pdfbox/2.0.26/pdfbox-2.0.26.jar:/Users/cangel/.m2/repository/org/apache/pdfbox/fontbox/2.0.26/fontbox-2.0.26.jar:/Users/cangel/.m2/repository/org/knowm/xchart/xchart/3.8.0/xchart-3.8.0.jar:/Users/cangel/.m2/repository/de/erichseifert/vectorgraphics2d/VectorGraphics2D/0.13/VectorGraphics2D-0.13.jar:/Users/cangel/.m2/repository/de/rototor/pdfbox/graphics2d/0.30/graphics2d-0.30.jar:/Users/cangel/.m2/repository/com/madgag/animated-gif-lib/1.4/animated-gif-lib-1.4.jar:/Users/cangel/.m2/repository/org/yaml/snakeyaml/2.0/snakeyaml-2.0.jar:/Users/cangel/.m2/repository/tech/grasshopper/table-layout/1.5.1/table-layout-1.5.1.jar:/Users/cangel/.m2/repository/tech/grasshopper/rest-assured-cucumber-pdf-report/1.5.0/rest-assured-cucumber-pdf-report-1.5.0.jar:/Users/cangel/.m2/repository/org/jsoup/jsoup/1.15.3/jsoup-1.15.3.jar:/Users/cangel/.m2/repository/com/aventstack/klov-reporter/5.1.0/klov-reporter-5.1.0.jar:/Users/cangel/.m2/repository/org/mongodb/mongodb-driver/3.6.4/mongodb-driver-3.6.4.jar:/Users/cangel/.m2/repository/org/mongodb/mongodb-driver-core/3.6.4/mongodb-driver-core-3.6.4.jar:/Users/cangel/.m2/repository/org/mongodb/bson/3.6.4/bson-3.6.4.jar:/Users/cangel/.m2/repository/org/apache/httpcomponents/httpclient/4.5.13/httpclient-4.5.13.jar:/Users/cangel/.m2/repository/org/apache/httpcomponents/httpcore/4.4.13/httpcore-4.4.13.jar:/Users/cangel/.m2/repository/commons-logging/commons-logging/1.2/commons-logging-1.2.jar:/Users/cangel/.m2/repository/commons-codec/commons-codec/1.11/commons-codec-1.11.jar:/Users/cangel/.m2/repository/org/apache/httpcomponents/httpmime/4.5.13/httpmime-4.5.13.jar:/Users/cangel/.m2/repository/tech/grasshopper/htmlextentreporter/1.1.0/htmlextentreporter-1.1.0.jar:/Users/cangel/.m2/repository/tech/grasshopper/extent-excel-report/1.4.0/extent-excel-report-1.4.0.jar:/Users/cangel/.m2/repository/org/apache/poi/poi/5.2.3/poi-5.2.3.jar:/Users/cangel/.m2/repository/org/apache/commons/commons-collections4/4.4/commons-collections4-4.4.jar:/Users/cangel/.m2/repository/org/apache/commons/commons-math3/3.6.1/commons-math3-3.6.1.jar:/Users/cangel/.m2/repository/commons-io/commons-io/2.11.0/commons-io-2.11.0.jar:/Users/cangel/.m2/repository/com/zaxxer/SparseBitSet/1.2/SparseBitSet-1.2.jar:/Users/cangel/.m2/repository/org/apache/logging/log4j/log4j-api/2.18.0/log4j-api-2.18.0.jar:/Users/cangel/.m2/repository/org/apache/poi/poi-ooxml/5.2.3/poi-ooxml-5.2.3.jar:/Users/cangel/.m2/repository/org/apache/poi/poi-ooxml-lite/5.2.3/poi-ooxml-lite-5.2.3.jar:/Users/cangel/.m2/repository/org/apache/xmlbeans/xmlbeans/5.1.1/xmlbeans-5.1.1.jar:/Users/cangel/.m2/repository/org/apache/commons/commons-compress/1.21/commons-compress-1.21.jar:/Users/cangel/.m2/repository/com/github/virtuald/curvesapi/1.07/curvesapi-1.07.jar:/Users/cangel/.m2/repository/com/github/javafaker/javafaker/1.0.2/javafaker-1.0.2.jar:/Users/cangel/.m2/repository/org/apache/commons/commons-lang3/3.5/commons-lang3-3.5.jar:/Users/cangel/.m2/repository/org/yaml/snakeyaml/1.23/snakeyaml-1.23-android.jar:/Users/cangel/.m2/repository/com/github/mifmif/generex/1.0.2/generex-1.0.2.jar:/Users/cangel/.m2/repository/dk/brics/automaton/automaton/1.11-8/automaton-1.11-8.jar:/Users/cangel/.m2/repository/com/microsoft/playwright/playwright/1.46.0/playwright-1.46.0.jar:/Users/cangel/.m2/repository/com/google/code/gson/gson/2.11.0/gson-2.11.0.jar:/Users/cangel/.m2/repository/com/google/errorprone/error_prone_annotations/2.27.0/error_prone_annotations-2.27.0.jar:/Users/cangel/.m2/repository/org/opentest4j/opentest4j/1.3.0/opentest4j-1.3.0.jar:/Users/cangel/.m2/repository/com/microsoft/playwright/driver/1.46.0/driver-1.46.0.jar:/Users/cangel/.m2/repository/com/microsoft/playwright/driver-bundle/1.46.0/driver-bundle-1.46.0.jar:"/>
    <property name="sun.cpu.endian" value="little"/>
    <property name="user.home" value="/Users/cangel"/>
    <property name="user.language" value="en"/>
    <property name="java.specification.vendor" value="Oracle Corporation"/>
    <property name="java.version.date" value="2023-04-18"/>
    <property name="java.home" value="/Library/Java/JavaVirtualMachines/temurin-17.jdk/Contents/Home"/>
    <property name="file.separator" value="/"/>
    <property name="basedir" value="/Users/cangel/Documents/wfs/automation-framework/play/hellocucumber"/>
    <property name="java.vm.compressedOopsMode" value="Zero based"/>
    <property name="line.separator" value="&#10;"/>
    <property name="java.vm.specification.vendor" value="Oracle Corporation"/>
    <property name="java.specification.name" value="Java Platform API Specification"/>
    <property name="surefire.real.class.path" value="/Users/cangel/Documents/wfs/automation-framework/play/hellocucumber/target/surefire/surefirebooter-20241002213521810_3.jar"/>
    <property name="sun.management.compiler" value="HotSpot 64-Bit Tiered Compilers"/>
    <property name="java.runtime.version" value="17.0.7+7"/>
    <property name="user.name" value="cangel"/>
    <property name="path.separator" value=":"/>
    <property name="os.version" value="14.5"/>
    <property name="java.runtime.name" value="OpenJDK Runtime Environment"/>
    <property name="file.encoding" value="UTF-8"/>
    <property name="java.vm.name" value="OpenJDK 64-Bit Server VM"/>
    <property name="java.vendor.version" value="Temurin-17.0.7+7"/>
    <property name="localRepository" value="/Users/cangel/.m2/repository"/>
    <property name="java.vendor.url.bug" value="https://github.com/adoptium/adoptium-support/issues"/>
    <property name="java.io.tmpdir" value="/var/folders/0h/m9f_lmv103181kbz4qrk_0y00000gp/T/"/>
    <property name="java.version" value="17.0.7"/>
    <property name="user.dir" value="/Users/cangel/Documents/wfs/automation-framework/play/hellocucumber"/>
    <property name="os.arch" value="aarch64"/>
    <property name="java.vm.specification.name" value="Java Virtual Machine Specification"/>
    <property name="native.encoding" value="UTF-8"/>
    <property name="java.library.path" value="/Users/cangel/Library/Java/Extensions:/Library/Java/Extensions:/Network/Library/Java/Extensions:/System/Library/Java/Extensions:/usr/lib/java:."/>
    <property name="java.vm.info" value="mixed mode"/>
    <property name="java.vendor" value="Eclipse Adoptium"/>
    <property name="java.vm.version" value="17.0.7+7"/>
    <property name="sun.io.unicode.encoding" value="UnicodeBig"/>
    <property name="java.class.version" value="61.0"/>
  </properties>
  <testcase name="Hipertextual - Search for search Term" classname="Hipertextual" time="14.278">
    <system-out><![CDATA[
Scenario: Search for search Term                            &amp#27;[90m# blank/example.feature:3&amp#27;[0m
  &amp#27;[32mGiven &amp#27;[0m&amp#27;[32mUser navigate to &amp#27;[0m&amp#27;[32m&amp#27;[1m"https://hipertextual.com"&amp#27;[0m         &amp#27;[90m# blank.StepDefinitions.userNavigateTo(java.lang.String)&amp#27;[0m
  &amp#27;[32mWhen &amp#27;[0m&amp#27;[32mUser search for &amp#27;[0m&amp#27;[32m&amp#27;[1m"Steve Jobs"&amp#27;[0m                         &amp#27;[90m# blank.StepDefinitions.userSearchFor(java.lang.String)&amp#27;[0m
  &amp#27;[32mAnd &amp#27;[0m&amp#27;[32mUser Scrolls down to the first post about &amp#27;[0m&amp#27;[32m&amp#27;[1m"Reed Jobs"&amp#27;[0m &amp#27;[90m# blank.StepDefinitions.userScrollsDownToTheFirstPostAbout(java.lang.String)&amp#27;[0m
  &amp#27;[32mThen &amp#27;[0m&amp#27;[32mUser validates that the URL contains the search term&amp#27;[0m &amp#27;[90m# blank.StepDefinitions.userValidatesThatTheURLContainsTheSearchTerm()&amp#27;[0m
  &amp#27;[32mAnd &amp#27;[0m&amp#27;[32mUser click on post&amp#27;[0m                                    &amp#27;[90m# blank.StepDefinitions.userClickOnPost()&amp#27;[0m
  &amp#27;[32mThen &amp#27;[0m&amp#27;[32mUser can subscribe to the news letter&amp#27;[0m                &amp#27;[90m# blank.StepDefinitions.userCanSubscribeToTheNewsLetter()&amp#27;[0m
]]></system-out>
  </testcase>
</testsuite>